ARM GAS  C:\Users\Kiana\AppData\Local\Temp\ccCwiBGo.s 			page 1


   1              		.cpu cortex-m4
   2              		.eabi_attribute 27, 1
   3              		.eabi_attribute 28, 1
   4              		.eabi_attribute 20, 1
   5              		.eabi_attribute 21, 1
   6              		.eabi_attribute 23, 3
   7              		.eabi_attribute 24, 1
   8              		.eabi_attribute 25, 1
   9              		.eabi_attribute 26, 1
  10              		.eabi_attribute 30, 1
  11              		.eabi_attribute 34, 1
  12              		.eabi_attribute 18, 4
  13              		.file	"usart.c"
  14              		.text
  15              	.Ltext0:
  16              		.cfi_sections	.debug_frame
  17              		.section	.text.MX_USART1_UART_Init,"ax",%progbits
  18              		.align	1
  19              		.global	MX_USART1_UART_Init
  20              		.arch armv7e-m
  21              		.syntax unified
  22              		.thumb
  23              		.thumb_func
  24              		.fpu fpv4-sp-d16
  26              	MX_USART1_UART_Init:
  27              	.LFB133:
  28              		.file 1 "Core/Src/usart.c"
   1:Core/Src/usart.c **** /**
   2:Core/Src/usart.c ****   ******************************************************************************
   3:Core/Src/usart.c ****   * @file    usart.c
   4:Core/Src/usart.c ****   * @brief   This file provides code for the configuration
   5:Core/Src/usart.c ****   *          of the USART instances.
   6:Core/Src/usart.c ****   ******************************************************************************
   7:Core/Src/usart.c ****   * @attention
   8:Core/Src/usart.c ****   *
   9:Core/Src/usart.c ****   * <h2><center>&copy; Copyright (c) 2021 STMicroelectronics.
  10:Core/Src/usart.c ****   * All rights reserved.</center></h2>
  11:Core/Src/usart.c ****   *
  12:Core/Src/usart.c ****   * This software component is licensed by ST under BSD 3-Clause license,
  13:Core/Src/usart.c ****   * the "License"; You may not use this file except in compliance with the
  14:Core/Src/usart.c ****   * License. You may obtain a copy of the License at:
  15:Core/Src/usart.c ****   *                        opensource.org/licenses/BSD-3-Clause
  16:Core/Src/usart.c ****   *
  17:Core/Src/usart.c ****   ******************************************************************************
  18:Core/Src/usart.c ****   */
  19:Core/Src/usart.c **** 
  20:Core/Src/usart.c **** /* Includes ------------------------------------------------------------------*/
  21:Core/Src/usart.c **** #include "usart.h"
  22:Core/Src/usart.c **** #include <stdio.h>
  23:Core/Src/usart.c **** 
  24:Core/Src/usart.c **** /* USER CODE BEGIN 0 */
  25:Core/Src/usart.c **** 
  26:Core/Src/usart.c **** /* USER CODE END 0 */
  27:Core/Src/usart.c **** 
  28:Core/Src/usart.c **** UART_HandleTypeDef huart1;
  29:Core/Src/usart.c **** 
  30:Core/Src/usart.c **** /* USART1 init function */
ARM GAS  C:\Users\Kiana\AppData\Local\Temp\ccCwiBGo.s 			page 2


  31:Core/Src/usart.c **** 
  32:Core/Src/usart.c **** void MX_USART1_UART_Init(void)
  33:Core/Src/usart.c **** {
  29              		.loc 1 33 1 view -0
  30              		.cfi_startproc
  31              		@ args = 0, pretend = 0, frame = 0
  32              		@ frame_needed = 0, uses_anonymous_args = 0
  33 0000 08B5     		push	{r3, lr}
  34              	.LCFI0:
  35              		.cfi_def_cfa_offset 8
  36              		.cfi_offset 3, -8
  37              		.cfi_offset 14, -4
  34:Core/Src/usart.c **** 
  35:Core/Src/usart.c ****   /* USER CODE BEGIN USART1_Init 0 */
  36:Core/Src/usart.c **** 
  37:Core/Src/usart.c ****   /* USER CODE END USART1_Init 0 */
  38:Core/Src/usart.c **** 
  39:Core/Src/usart.c ****   /* USER CODE BEGIN USART1_Init 1 */
  40:Core/Src/usart.c **** 
  41:Core/Src/usart.c ****   /* USER CODE END USART1_Init 1 */
  42:Core/Src/usart.c ****   huart1.Instance = USART1;
  38              		.loc 1 42 3 view .LVU1
  39              		.loc 1 42 19 is_stmt 0 view .LVU2
  40 0002 0A48     		ldr	r0, .L5
  41 0004 0A4B     		ldr	r3, .L5+4
  42 0006 0360     		str	r3, [r0]
  43:Core/Src/usart.c ****   huart1.Init.BaudRate = 9600;
  43              		.loc 1 43 3 is_stmt 1 view .LVU3
  44              		.loc 1 43 24 is_stmt 0 view .LVU4
  45 0008 4FF41653 		mov	r3, #9600
  46 000c 4360     		str	r3, [r0, #4]
  44:Core/Src/usart.c ****   huart1.Init.WordLength = UART_WORDLENGTH_8B;
  47              		.loc 1 44 3 is_stmt 1 view .LVU5
  48              		.loc 1 44 26 is_stmt 0 view .LVU6
  49 000e 0023     		movs	r3, #0
  50 0010 8360     		str	r3, [r0, #8]
  45:Core/Src/usart.c ****   huart1.Init.StopBits = UART_STOPBITS_1;
  51              		.loc 1 45 3 is_stmt 1 view .LVU7
  52              		.loc 1 45 24 is_stmt 0 view .LVU8
  53 0012 C360     		str	r3, [r0, #12]
  46:Core/Src/usart.c ****   huart1.Init.Parity = UART_PARITY_NONE;
  54              		.loc 1 46 3 is_stmt 1 view .LVU9
  55              		.loc 1 46 22 is_stmt 0 view .LVU10
  56 0014 0361     		str	r3, [r0, #16]
  47:Core/Src/usart.c ****   huart1.Init.Mode = UART_MODE_TX_RX;
  57              		.loc 1 47 3 is_stmt 1 view .LVU11
  58              		.loc 1 47 20 is_stmt 0 view .LVU12
  59 0016 0C22     		movs	r2, #12
  60 0018 4261     		str	r2, [r0, #20]
  48:Core/Src/usart.c ****   huart1.Init.HwFlowCtl = UART_HWCONTROL_NONE;
  61              		.loc 1 48 3 is_stmt 1 view .LVU13
  62              		.loc 1 48 25 is_stmt 0 view .LVU14
  63 001a 8361     		str	r3, [r0, #24]
  49:Core/Src/usart.c ****   huart1.Init.OverSampling = UART_OVERSAMPLING_16;
  64              		.loc 1 49 3 is_stmt 1 view .LVU15
  65              		.loc 1 49 28 is_stmt 0 view .LVU16
  66 001c C361     		str	r3, [r0, #28]
ARM GAS  C:\Users\Kiana\AppData\Local\Temp\ccCwiBGo.s 			page 3


  50:Core/Src/usart.c ****   if (HAL_UART_Init(&huart1) != HAL_OK)
  67              		.loc 1 50 3 is_stmt 1 view .LVU17
  68              		.loc 1 50 7 is_stmt 0 view .LVU18
  69 001e FFF7FEFF 		bl	HAL_UART_Init
  70              	.LVL0:
  71              		.loc 1 50 6 view .LVU19
  72 0022 00B9     		cbnz	r0, .L4
  73              	.L1:
  51:Core/Src/usart.c ****   {
  52:Core/Src/usart.c ****     Error_Handler();
  53:Core/Src/usart.c ****   }
  54:Core/Src/usart.c ****   /* USER CODE BEGIN USART1_Init 2 */
  55:Core/Src/usart.c **** 
  56:Core/Src/usart.c ****   /* USER CODE END USART1_Init 2 */
  57:Core/Src/usart.c **** 
  58:Core/Src/usart.c **** }
  74              		.loc 1 58 1 view .LVU20
  75 0024 08BD     		pop	{r3, pc}
  76              	.L4:
  52:Core/Src/usart.c ****   }
  77              		.loc 1 52 5 is_stmt 1 view .LVU21
  78 0026 FFF7FEFF 		bl	Error_Handler
  79              	.LVL1:
  80              		.loc 1 58 1 is_stmt 0 view .LVU22
  81 002a FBE7     		b	.L1
  82              	.L6:
  83              		.align	2
  84              	.L5:
  85 002c 00000000 		.word	huart1
  86 0030 00100140 		.word	1073811456
  87              		.cfi_endproc
  88              	.LFE133:
  90              		.section	.text.HAL_UART_MspInit,"ax",%progbits
  91              		.align	1
  92              		.global	HAL_UART_MspInit
  93              		.syntax unified
  94              		.thumb
  95              		.thumb_func
  96              		.fpu fpv4-sp-d16
  98              	HAL_UART_MspInit:
  99              	.LVL2:
 100              	.LFB134:
  59:Core/Src/usart.c **** 
  60:Core/Src/usart.c **** void HAL_UART_MspInit(UART_HandleTypeDef* uartHandle)
  61:Core/Src/usart.c **** {
 101              		.loc 1 61 1 is_stmt 1 view -0
 102              		.cfi_startproc
 103              		@ args = 0, pretend = 0, frame = 32
 104              		@ frame_needed = 0, uses_anonymous_args = 0
 105              		.loc 1 61 1 is_stmt 0 view .LVU24
 106 0000 00B5     		push	{lr}
 107              	.LCFI1:
 108              		.cfi_def_cfa_offset 4
 109              		.cfi_offset 14, -4
 110 0002 89B0     		sub	sp, sp, #36
 111              	.LCFI2:
 112              		.cfi_def_cfa_offset 40
ARM GAS  C:\Users\Kiana\AppData\Local\Temp\ccCwiBGo.s 			page 4


  62:Core/Src/usart.c **** 
  63:Core/Src/usart.c ****   GPIO_InitTypeDef GPIO_InitStruct = {0};
 113              		.loc 1 63 3 is_stmt 1 view .LVU25
 114              		.loc 1 63 20 is_stmt 0 view .LVU26
 115 0004 0023     		movs	r3, #0
 116 0006 0393     		str	r3, [sp, #12]
 117 0008 0493     		str	r3, [sp, #16]
 118 000a 0593     		str	r3, [sp, #20]
 119 000c 0693     		str	r3, [sp, #24]
 120 000e 0793     		str	r3, [sp, #28]
  64:Core/Src/usart.c ****   if(uartHandle->Instance==USART1)
 121              		.loc 1 64 3 is_stmt 1 view .LVU27
 122              		.loc 1 64 16 is_stmt 0 view .LVU28
 123 0010 0268     		ldr	r2, [r0]
 124              		.loc 1 64 5 view .LVU29
 125 0012 03F18043 		add	r3, r3, #1073741824
 126 0016 03F58833 		add	r3, r3, #69632
 127 001a 9A42     		cmp	r2, r3
 128 001c 02D0     		beq	.L10
 129              	.LVL3:
 130              	.L7:
  65:Core/Src/usart.c ****   {
  66:Core/Src/usart.c ****   /* USER CODE BEGIN USART1_MspInit 0 */
  67:Core/Src/usart.c **** 
  68:Core/Src/usart.c ****   /* USER CODE END USART1_MspInit 0 */
  69:Core/Src/usart.c ****     /* USART1 clock enable */
  70:Core/Src/usart.c ****     __HAL_RCC_USART1_CLK_ENABLE();
  71:Core/Src/usart.c **** 
  72:Core/Src/usart.c ****     __HAL_RCC_GPIOA_CLK_ENABLE();
  73:Core/Src/usart.c ****     /**USART1 GPIO Configuration
  74:Core/Src/usart.c ****     PA9     ------> USART1_TX
  75:Core/Src/usart.c ****     PA10     ------> USART1_RX
  76:Core/Src/usart.c ****     */
  77:Core/Src/usart.c ****     GPIO_InitStruct.Pin = GPIO_PIN_9|GPIO_PIN_10;
  78:Core/Src/usart.c ****     GPIO_InitStruct.Mode = GPIO_MODE_AF_PP;
  79:Core/Src/usart.c ****     GPIO_InitStruct.Pull = GPIO_NOPULL;
  80:Core/Src/usart.c ****     GPIO_InitStruct.Speed = GPIO_SPEED_FREQ_VERY_HIGH;
  81:Core/Src/usart.c ****     GPIO_InitStruct.Alternate = GPIO_AF7_USART1;
  82:Core/Src/usart.c ****     HAL_GPIO_Init(GPIOA, &GPIO_InitStruct);
  83:Core/Src/usart.c **** 
  84:Core/Src/usart.c ****   /* USER CODE BEGIN USART1_MspInit 1 */
  85:Core/Src/usart.c **** 
  86:Core/Src/usart.c ****   /* USER CODE END USART1_MspInit 1 */
  87:Core/Src/usart.c ****   }
  88:Core/Src/usart.c **** }
 131              		.loc 1 88 1 view .LVU30
 132 001e 09B0     		add	sp, sp, #36
 133              	.LCFI3:
 134              		.cfi_remember_state
 135              		.cfi_def_cfa_offset 4
 136              		@ sp needed
 137 0020 5DF804FB 		ldr	pc, [sp], #4
 138              	.LVL4:
 139              	.L10:
 140              	.LCFI4:
 141              		.cfi_restore_state
  70:Core/Src/usart.c **** 
ARM GAS  C:\Users\Kiana\AppData\Local\Temp\ccCwiBGo.s 			page 5


 142              		.loc 1 70 5 is_stmt 1 view .LVU31
 143              	.LBB2:
  70:Core/Src/usart.c **** 
 144              		.loc 1 70 5 view .LVU32
 145 0024 0022     		movs	r2, #0
 146 0026 0192     		str	r2, [sp, #4]
  70:Core/Src/usart.c **** 
 147              		.loc 1 70 5 view .LVU33
 148 0028 03F59433 		add	r3, r3, #75776
 149 002c 596C     		ldr	r1, [r3, #68]
 150 002e 41F01001 		orr	r1, r1, #16
 151 0032 5964     		str	r1, [r3, #68]
  70:Core/Src/usart.c **** 
 152              		.loc 1 70 5 view .LVU34
 153 0034 596C     		ldr	r1, [r3, #68]
 154 0036 01F01001 		and	r1, r1, #16
 155 003a 0191     		str	r1, [sp, #4]
  70:Core/Src/usart.c **** 
 156              		.loc 1 70 5 view .LVU35
 157 003c 0199     		ldr	r1, [sp, #4]
 158              	.LBE2:
  70:Core/Src/usart.c **** 
 159              		.loc 1 70 5 view .LVU36
  72:Core/Src/usart.c ****     /**USART1 GPIO Configuration
 160              		.loc 1 72 5 view .LVU37
 161              	.LBB3:
  72:Core/Src/usart.c ****     /**USART1 GPIO Configuration
 162              		.loc 1 72 5 view .LVU38
 163 003e 0292     		str	r2, [sp, #8]
  72:Core/Src/usart.c ****     /**USART1 GPIO Configuration
 164              		.loc 1 72 5 view .LVU39
 165 0040 196B     		ldr	r1, [r3, #48]
 166 0042 41F00101 		orr	r1, r1, #1
 167 0046 1963     		str	r1, [r3, #48]
  72:Core/Src/usart.c ****     /**USART1 GPIO Configuration
 168              		.loc 1 72 5 view .LVU40
 169 0048 1B6B     		ldr	r3, [r3, #48]
 170 004a 03F00103 		and	r3, r3, #1
 171 004e 0293     		str	r3, [sp, #8]
  72:Core/Src/usart.c ****     /**USART1 GPIO Configuration
 172              		.loc 1 72 5 view .LVU41
 173 0050 029B     		ldr	r3, [sp, #8]
 174              	.LBE3:
  72:Core/Src/usart.c ****     /**USART1 GPIO Configuration
 175              		.loc 1 72 5 view .LVU42
  77:Core/Src/usart.c ****     GPIO_InitStruct.Mode = GPIO_MODE_AF_PP;
 176              		.loc 1 77 5 view .LVU43
  77:Core/Src/usart.c ****     GPIO_InitStruct.Mode = GPIO_MODE_AF_PP;
 177              		.loc 1 77 25 is_stmt 0 view .LVU44
 178 0052 4FF4C063 		mov	r3, #1536
 179 0056 0393     		str	r3, [sp, #12]
  78:Core/Src/usart.c ****     GPIO_InitStruct.Pull = GPIO_NOPULL;
 180              		.loc 1 78 5 is_stmt 1 view .LVU45
  78:Core/Src/usart.c ****     GPIO_InitStruct.Pull = GPIO_NOPULL;
 181              		.loc 1 78 26 is_stmt 0 view .LVU46
 182 0058 0223     		movs	r3, #2
 183 005a 0493     		str	r3, [sp, #16]
ARM GAS  C:\Users\Kiana\AppData\Local\Temp\ccCwiBGo.s 			page 6


  79:Core/Src/usart.c ****     GPIO_InitStruct.Speed = GPIO_SPEED_FREQ_VERY_HIGH;
 184              		.loc 1 79 5 is_stmt 1 view .LVU47
  79:Core/Src/usart.c ****     GPIO_InitStruct.Speed = GPIO_SPEED_FREQ_VERY_HIGH;
 185              		.loc 1 79 26 is_stmt 0 view .LVU48
 186 005c 0592     		str	r2, [sp, #20]
  80:Core/Src/usart.c ****     GPIO_InitStruct.Alternate = GPIO_AF7_USART1;
 187              		.loc 1 80 5 is_stmt 1 view .LVU49
  80:Core/Src/usart.c ****     GPIO_InitStruct.Alternate = GPIO_AF7_USART1;
 188              		.loc 1 80 27 is_stmt 0 view .LVU50
 189 005e 0323     		movs	r3, #3
 190 0060 0693     		str	r3, [sp, #24]
  81:Core/Src/usart.c ****     HAL_GPIO_Init(GPIOA, &GPIO_InitStruct);
 191              		.loc 1 81 5 is_stmt 1 view .LVU51
  81:Core/Src/usart.c ****     HAL_GPIO_Init(GPIOA, &GPIO_InitStruct);
 192              		.loc 1 81 31 is_stmt 0 view .LVU52
 193 0062 0723     		movs	r3, #7
 194 0064 0793     		str	r3, [sp, #28]
  82:Core/Src/usart.c **** 
 195              		.loc 1 82 5 is_stmt 1 view .LVU53
 196 0066 03A9     		add	r1, sp, #12
 197 0068 0148     		ldr	r0, .L11
 198              	.LVL5:
  82:Core/Src/usart.c **** 
 199              		.loc 1 82 5 is_stmt 0 view .LVU54
 200 006a FFF7FEFF 		bl	HAL_GPIO_Init
 201              	.LVL6:
 202              		.loc 1 88 1 view .LVU55
 203 006e D6E7     		b	.L7
 204              	.L12:
 205              		.align	2
 206              	.L11:
 207 0070 00000240 		.word	1073872896
 208              		.cfi_endproc
 209              	.LFE134:
 211              		.section	.text.HAL_UART_MspDeInit,"ax",%progbits
 212              		.align	1
 213              		.global	HAL_UART_MspDeInit
 214              		.syntax unified
 215              		.thumb
 216              		.thumb_func
 217              		.fpu fpv4-sp-d16
 219              	HAL_UART_MspDeInit:
 220              	.LVL7:
 221              	.LFB135:
  89:Core/Src/usart.c **** 
  90:Core/Src/usart.c **** void HAL_UART_MspDeInit(UART_HandleTypeDef* uartHandle)
  91:Core/Src/usart.c **** {
 222              		.loc 1 91 1 is_stmt 1 view -0
 223              		.cfi_startproc
 224              		@ args = 0, pretend = 0, frame = 0
 225              		@ frame_needed = 0, uses_anonymous_args = 0
 226              		.loc 1 91 1 is_stmt 0 view .LVU57
 227 0000 08B5     		push	{r3, lr}
 228              	.LCFI5:
 229              		.cfi_def_cfa_offset 8
 230              		.cfi_offset 3, -8
 231              		.cfi_offset 14, -4
ARM GAS  C:\Users\Kiana\AppData\Local\Temp\ccCwiBGo.s 			page 7


  92:Core/Src/usart.c **** 
  93:Core/Src/usart.c ****   if(uartHandle->Instance==USART1)
 232              		.loc 1 93 3 is_stmt 1 view .LVU58
 233              		.loc 1 93 16 is_stmt 0 view .LVU59
 234 0002 0268     		ldr	r2, [r0]
 235              		.loc 1 93 5 view .LVU60
 236 0004 074B     		ldr	r3, .L17
 237 0006 9A42     		cmp	r2, r3
 238 0008 00D0     		beq	.L16
 239              	.LVL8:
 240              	.L13:
  94:Core/Src/usart.c ****   {
  95:Core/Src/usart.c ****   /* USER CODE BEGIN USART1_MspDeInit 0 */
  96:Core/Src/usart.c **** 
  97:Core/Src/usart.c ****   /* USER CODE END USART1_MspDeInit 0 */
  98:Core/Src/usart.c ****     /* Peripheral clock disable */
  99:Core/Src/usart.c ****     __HAL_RCC_USART1_CLK_DISABLE();
 100:Core/Src/usart.c **** 
 101:Core/Src/usart.c ****     /**USART1 GPIO Configuration
 102:Core/Src/usart.c ****     PA9     ------> USART1_TX
 103:Core/Src/usart.c ****     PA10     ------> USART1_RX
 104:Core/Src/usart.c ****     */
 105:Core/Src/usart.c ****     HAL_GPIO_DeInit(GPIOA, GPIO_PIN_9|GPIO_PIN_10);
 106:Core/Src/usart.c **** 
 107:Core/Src/usart.c ****   /* USER CODE BEGIN USART1_MspDeInit 1 */
 108:Core/Src/usart.c **** 
 109:Core/Src/usart.c ****   /* USER CODE END USART1_MspDeInit 1 */
 110:Core/Src/usart.c ****   }
 111:Core/Src/usart.c **** }
 241              		.loc 1 111 1 view .LVU61
 242 000a 08BD     		pop	{r3, pc}
 243              	.LVL9:
 244              	.L16:
  99:Core/Src/usart.c **** 
 245              		.loc 1 99 5 is_stmt 1 view .LVU62
 246 000c 064A     		ldr	r2, .L17+4
 247 000e 536C     		ldr	r3, [r2, #68]
 248 0010 23F01003 		bic	r3, r3, #16
 249 0014 5364     		str	r3, [r2, #68]
 105:Core/Src/usart.c **** 
 250              		.loc 1 105 5 view .LVU63
 251 0016 4FF4C061 		mov	r1, #1536
 252 001a 0448     		ldr	r0, .L17+8
 253              	.LVL10:
 105:Core/Src/usart.c **** 
 254              		.loc 1 105 5 is_stmt 0 view .LVU64
 255 001c FFF7FEFF 		bl	HAL_GPIO_DeInit
 256              	.LVL11:
 257              		.loc 1 111 1 view .LVU65
 258 0020 F3E7     		b	.L13
 259              	.L18:
 260 0022 00BF     		.align	2
 261              	.L17:
 262 0024 00100140 		.word	1073811456
 263 0028 00380240 		.word	1073887232
 264 002c 00000240 		.word	1073872896
 265              		.cfi_endproc
ARM GAS  C:\Users\Kiana\AppData\Local\Temp\ccCwiBGo.s 			page 8


 266              	.LFE135:
 268              		.section	.text.__io_putchar,"ax",%progbits
 269              		.align	1
 270              		.global	__io_putchar
 271              		.syntax unified
 272              		.thumb
 273              		.thumb_func
 274              		.fpu fpv4-sp-d16
 276              	__io_putchar:
 277              	.LFB136:
 112:Core/Src/usart.c **** 
 113:Core/Src/usart.c **** /* USER CODE BEGIN 1 */
 114:Core/Src/usart.c **** int __io_putchar(int ch)
 115:Core/Src/usart.c **** {
 278              		.loc 1 115 1 is_stmt 1 view -0
 279              		.cfi_startproc
 280              		@ args = 0, pretend = 0, frame = 0
 281              		@ frame_needed = 0, uses_anonymous_args = 0
 282              		@ link register save eliminated.
 283              	.LVL12:
 284              	.L20:
 116:Core/Src/usart.c ****     while ((USART1->SR & 0X40) == 0);
 285              		.loc 1 116 37 discriminator 1 view .LVU67
 286              		.loc 1 116 11 discriminator 1 view .LVU68
 287              		.loc 1 116 19 is_stmt 0 discriminator 1 view .LVU69
 288 0000 044B     		ldr	r3, .L21
 289 0002 1B68     		ldr	r3, [r3]
 290              		.loc 1 116 11 discriminator 1 view .LVU70
 291 0004 13F0400F 		tst	r3, #64
 292 0008 FAD0     		beq	.L20
 117:Core/Src/usart.c ****     USART1->DR = (uint8_t) ch;
 293              		.loc 1 117 5 is_stmt 1 view .LVU71
 294              		.loc 1 117 18 is_stmt 0 view .LVU72
 295 000a C2B2     		uxtb	r2, r0
 296              		.loc 1 117 16 view .LVU73
 297 000c 014B     		ldr	r3, .L21
 298 000e 5A60     		str	r2, [r3, #4]
 118:Core/Src/usart.c ****     return ch;
 299              		.loc 1 118 5 is_stmt 1 view .LVU74
 119:Core/Src/usart.c **** }
 300              		.loc 1 119 1 is_stmt 0 view .LVU75
 301 0010 7047     		bx	lr
 302              	.L22:
 303 0012 00BF     		.align	2
 304              	.L21:
 305 0014 00100140 		.word	1073811456
 306              		.cfi_endproc
 307              	.LFE136:
 309              		.section	.text._write,"ax",%progbits
 310              		.align	1
 311              		.weak	_write
 312              		.syntax unified
 313              		.thumb
 314              		.thumb_func
 315              		.fpu fpv4-sp-d16
 317              	_write:
 318              	.LVL13:
ARM GAS  C:\Users\Kiana\AppData\Local\Temp\ccCwiBGo.s 			page 9


 319              	.LFB137:
 120:Core/Src/usart.c **** 
 121:Core/Src/usart.c **** __attribute__((weak)) int _write(int file, char *ptr, int len)
 122:Core/Src/usart.c **** {
 320              		.loc 1 122 1 is_stmt 1 view -0
 321              		.cfi_startproc
 322              		@ args = 0, pretend = 0, frame = 0
 323              		@ frame_needed = 0, uses_anonymous_args = 0
 324              		.loc 1 122 1 is_stmt 0 view .LVU77
 325 0000 70B5     		push	{r4, r5, r6, lr}
 326              	.LCFI6:
 327              		.cfi_def_cfa_offset 16
 328              		.cfi_offset 4, -16
 329              		.cfi_offset 5, -12
 330              		.cfi_offset 6, -8
 331              		.cfi_offset 14, -4
 332 0002 0C46     		mov	r4, r1
 333 0004 1646     		mov	r6, r2
 123:Core/Src/usart.c **** 	int DataIdx;
 334              		.loc 1 123 2 is_stmt 1 view .LVU78
 124:Core/Src/usart.c **** 	for (DataIdx = 0; DataIdx < len; DataIdx++)
 335              		.loc 1 124 2 view .LVU79
 336              	.LVL14:
 337              		.loc 1 124 15 is_stmt 0 view .LVU80
 338 0006 0025     		movs	r5, #0
 339              	.LVL15:
 340              	.L24:
 341              		.loc 1 124 20 is_stmt 1 discriminator 1 view .LVU81
 342              		.loc 1 124 2 is_stmt 0 discriminator 1 view .LVU82
 343 0008 B542     		cmp	r5, r6
 344 000a 05DA     		bge	.L27
 125:Core/Src/usart.c **** 	{
 126:Core/Src/usart.c **** 		__io_putchar(*ptr++);
 345              		.loc 1 126 3 is_stmt 1 discriminator 3 view .LVU83
 346              	.LVL16:
 347              		.loc 1 126 3 is_stmt 0 discriminator 3 view .LVU84
 348 000c 14F8010B 		ldrb	r0, [r4], #1	@ zero_extendqisi2
 349              	.LVL17:
 350              		.loc 1 126 3 discriminator 3 view .LVU85
 351 0010 FFF7FEFF 		bl	__io_putchar
 352              	.LVL18:
 124:Core/Src/usart.c **** 	for (DataIdx = 0; DataIdx < len; DataIdx++)
 353              		.loc 1 124 35 is_stmt 1 discriminator 3 view .LVU86
 124:Core/Src/usart.c **** 	for (DataIdx = 0; DataIdx < len; DataIdx++)
 354              		.loc 1 124 42 is_stmt 0 discriminator 3 view .LVU87
 355 0014 0135     		adds	r5, r5, #1
 356              	.LVL19:
 124:Core/Src/usart.c **** 	for (DataIdx = 0; DataIdx < len; DataIdx++)
 357              		.loc 1 124 42 discriminator 3 view .LVU88
 358 0016 F7E7     		b	.L24
 359              	.L27:
 127:Core/Src/usart.c **** 	}
 128:Core/Src/usart.c **** 	return len;
 360              		.loc 1 128 2 is_stmt 1 view .LVU89
 129:Core/Src/usart.c **** }
 361              		.loc 1 129 1 is_stmt 0 view .LVU90
 362 0018 3046     		mov	r0, r6
ARM GAS  C:\Users\Kiana\AppData\Local\Temp\ccCwiBGo.s 			page 10


 363 001a 70BD     		pop	{r4, r5, r6, pc}
 364              		.loc 1 129 1 view .LVU91
 365              		.cfi_endproc
 366              	.LFE137:
 368              		.comm	huart1,68,4
 369              		.text
 370              	.Letext0:
 371              		.file 2 "d:\\vs_code_stm32\\9 2019-q4-major\\arm-none-eabi\\include\\machine\\_default_types.h"
 372              		.file 3 "d:\\vs_code_stm32\\9 2019-q4-major\\arm-none-eabi\\include\\sys\\_stdint.h"
 373              		.file 4 "Drivers/CMSIS/Include/core_cm4.h"
 374              		.file 5 "Drivers/CMSIS/Device/ST/STM32F4xx/Include/system_stm32f4xx.h"
 375              		.file 6 "Drivers/CMSIS/Device/ST/STM32F4xx/Include/stm32f401xc.h"
 376              		.file 7 "Drivers/STM32F4xx_HAL_Driver/Inc/stm32f4xx_hal_def.h"
 377              		.file 8 "Drivers/STM32F4xx_HAL_Driver/Inc/stm32f4xx_hal_gpio.h"
 378              		.file 9 "Drivers/STM32F4xx_HAL_Driver/Inc/stm32f4xx_hal_dma.h"
 379              		.file 10 "Drivers/STM32F4xx_HAL_Driver/Inc/stm32f4xx_hal_uart.h"
 380              		.file 11 "Drivers/STM32F4xx_HAL_Driver/Inc/stm32f4xx_hal.h"
 381              		.file 12 "Core/Inc/usart.h"
 382              		.file 13 "d:\\vs_code_stm32\\9 2019-q4-major\\arm-none-eabi\\include\\sys\\lock.h"
 383              		.file 14 "d:\\vs_code_stm32\\9 2019-q4-major\\arm-none-eabi\\include\\sys\\_types.h"
 384              		.file 15 "d:\\vs_code_stm32\\9 2019-q4-major\\lib\\gcc\\arm-none-eabi\\9.2.1\\include\\stddef.h"
 385              		.file 16 "d:\\vs_code_stm32\\9 2019-q4-major\\arm-none-eabi\\include\\sys\\reent.h"
 386              		.file 17 "Core/Inc/main.h"
ARM GAS  C:\Users\Kiana\AppData\Local\Temp\ccCwiBGo.s 			page 11


DEFINED SYMBOLS
                            *ABS*:00000000 usart.c
C:\Users\Kiana\AppData\Local\Temp\ccCwiBGo.s:18     .text.MX_USART1_UART_Init:00000000 $t
C:\Users\Kiana\AppData\Local\Temp\ccCwiBGo.s:26     .text.MX_USART1_UART_Init:00000000 MX_USART1_UART_Init
C:\Users\Kiana\AppData\Local\Temp\ccCwiBGo.s:85     .text.MX_USART1_UART_Init:0000002c $d
                            *COM*:00000044 huart1
C:\Users\Kiana\AppData\Local\Temp\ccCwiBGo.s:91     .text.HAL_UART_MspInit:00000000 $t
C:\Users\Kiana\AppData\Local\Temp\ccCwiBGo.s:98     .text.HAL_UART_MspInit:00000000 HAL_UART_MspInit
C:\Users\Kiana\AppData\Local\Temp\ccCwiBGo.s:207    .text.HAL_UART_MspInit:00000070 $d
C:\Users\Kiana\AppData\Local\Temp\ccCwiBGo.s:212    .text.HAL_UART_MspDeInit:00000000 $t
C:\Users\Kiana\AppData\Local\Temp\ccCwiBGo.s:219    .text.HAL_UART_MspDeInit:00000000 HAL_UART_MspDeInit
C:\Users\Kiana\AppData\Local\Temp\ccCwiBGo.s:262    .text.HAL_UART_MspDeInit:00000024 $d
C:\Users\Kiana\AppData\Local\Temp\ccCwiBGo.s:269    .text.__io_putchar:00000000 $t
C:\Users\Kiana\AppData\Local\Temp\ccCwiBGo.s:276    .text.__io_putchar:00000000 __io_putchar
C:\Users\Kiana\AppData\Local\Temp\ccCwiBGo.s:305    .text.__io_putchar:00000014 $d
C:\Users\Kiana\AppData\Local\Temp\ccCwiBGo.s:310    .text._write:00000000 $t
C:\Users\Kiana\AppData\Local\Temp\ccCwiBGo.s:317    .text._write:00000000 _write

UNDEFINED SYMBOLS
HAL_UART_Init
Error_Handler
HAL_GPIO_Init
HAL_GPIO_DeInit
